<?xml version="1.0" encoding="UTF-8" ?>
<!-- This file has been generated with the OpenXES library. It conforms -->
<!-- to the XML serialization of the XES standard for log storage and -->
<!-- management. -->
<!-- XES standard version: 1.0 -->
<!-- OpenXES library version: 1.0RC7 -->
<!-- OpenXES is available from http://www.openxes.org/ -->
<log xes.version="1.0" xes.features="nested-attributes" openxes.version="1.0RC7">
	<extension name="Organizational" prefix="org" uri="http://www.xes-standard.org/org.xesext"/>
	<extension name="Time" prefix="time" uri="http://www.xes-standard.org/time.xesext"/>
	<extension name="Concept" prefix="concept" uri="http://www.xes-standard.org/concept.xesext"/>
	<extension name="Identity" prefix="identity" uri="http://www.xes-standard.org/identity.xesext"/>
	<string key="concept:name" value="EventLog30_04_20_10_56_01"/>
	<list key="Data Stores"/>
	<trace>
		<string key="concept:name" value="case_0"/>
		<list key="Data Objects"/>
		<event>
			<string key="taskState" value="COMPLETE"/>
			<string key="org:group" value="Process_0cp6gmz"/>
			<string key="concept:name" value="A"/>
			<date key="time:timestamp" value="2020-04-30T10:56:01.761+02:00"/>
		</event>
		<event>
			<string key="taskState" value="COMPLETE"/>
			<string key="org:group" value="Process_0cp6gmz"/>
			<string key="concept:name" value="D"/>
			<date key="time:timestamp" value="2020-04-30T10:56:01.795+02:00"/>
		</event>
		<event>
			<string key="taskState" value="COMPLETE"/>
			<string key="org:group" value="Process_0cp6gmz"/>
			<string key="concept:name" value="E"/>
			<date key="time:timestamp" value="2020-04-30T10:56:01.820+02:00"/>
		</event>
	</trace>
	<trace>
		<string key="concept:name" value="case_3"/>
		<list key="Data Objects"/>
		<event>
			<string key="taskState" value="COMPLETE"/>
			<string key="org:group" value="Process_0cp6gmz"/>
			<string key="concept:name" value="A"/>
			<date key="time:timestamp" value="2020-04-30T10:56:01.861+02:00"/>
		</event>
		<event>
			<string key="taskState" value="COMPLETE"/>
			<string key="org:group" value="Process_0cp6gmz"/>
			<string key="concept:name" value="C"/>
			<date key="time:timestamp" value="2020-04-30T10:56:01.882+02:00"/>
		</event>
		<event>
			<string key="taskState" value="COMPLETE"/>
			<string key="org:group" value="Process_0cp6gmz"/>
			<string key="concept:name" value="B"/>
			<date key="time:timestamp" value="2020-04-30T10:56:01.888+02:00"/>
		</event>
		<event>
			<string key="taskState" value="COMPLETE"/>
			<string key="org:group" value="Process_0cp6gmz"/>
			<string key="concept:name" value="E"/>
			<date key="time:timestamp" value="2020-04-30T10:56:01.909+02:00"/>
		</event>
	</trace>
</log>
