2021-05-03 00:25:34.185  INFO 30016 --- [restartedMain] it.unicam.pros.purple.gui.Application    : Starting Application on DESKTOP-UPEP2H0 with PID 30016 (C:\Users\maico\Desktop\Tesi\proslabteam-purple\target\classes started by maico in C:\Users\maico\Desktop\Tesi\proslabteam-purple)
2021-05-03 00:25:34.197  INFO 30016 --- [restartedMain] it.unicam.pros.purple.gui.Application    : No active profile set, falling back to default profiles: default
2021-05-03 00:25:34.277  INFO 30016 --- [restartedMain] o.s.b.devtools.restart.ChangeableUrls    : The Class-Path manifest attribute in C:\Users\maico\.m2\repository\com\vaadin\vaadin-sass-compiler\0.9.13\vaadin-sass-compiler-0.9.13.jar referenced one or more files that do not exist: file:/C:/Users/maico/.m2/repository/com/vaadin/vaadin-sass-compiler/0.9.13/sac-1.3.jar,file:/C:/Users/maico/.m2/repository/com/vaadin/vaadin-sass-compiler/0.9.13/flute-1.3.0.gg2.jar,file:/C:/Users/maico/.m2/repository/com/vaadin/vaadin-sass-compiler/0.9.13/yuicompressor-2.4.8.jar,file:/C:/Users/maico/.m2/repository/com/vaadin/vaadin-sass-compiler/0.9.13/js-1.7R2.jar
2021-05-03 00:25:34.277  INFO 30016 --- [restartedMain] .e.DevToolsPropertyDefaultsPostProcessor : Devtools property defaults active! Set 'spring.devtools.add-properties' to 'false' to disable
2021-05-03 00:25:34.278  INFO 30016 --- [restartedMain] .e.DevToolsPropertyDefaultsPostProcessor : For additional web related logging consider setting the 'logging.level.web' property to 'DEBUG'
2021-05-03 00:25:36.009  INFO 30016 --- [restartedMain] o.s.b.w.embedded.tomcat.TomcatWebServer  : Tomcat initialized with port(s): 4300 (http)
2021-05-03 00:25:36.022  INFO 30016 --- [restartedMain] o.apache.catalina.core.StandardService   : Starting service [Tomcat]
2021-05-03 00:25:36.023  INFO 30016 --- [restartedMain] org.apache.catalina.core.StandardEngine  : Starting Servlet engine: [Apache Tomcat/9.0.27]
2021-05-03 00:25:36.200  INFO 30016 --- [restartedMain] o.a.c.c.C.[Tomcat].[localhost].[/]       : Initializing Spring embedded WebApplicationContext
2021-05-03 00:25:36.201  INFO 30016 --- [restartedMain] o.s.web.context.ContextLoader            : Root WebApplicationContext: initialization completed in 1923 ms
2021-05-03 00:25:36.321  WARN 30016 --- [restartedMain] c.v.f.s.DeploymentConfigurationFactory   : Found 'webpack.config.js' in the project/working directory. Will use it for webpack dev server.
2021-05-03 00:25:36.442  INFO 30016 --- [restartedMain] c.v.f.s.VaadinServletContextInitializer  : Search for VaadinAppShell took 143 ms
2021-05-03 00:25:36.447  INFO 30016 --- [restartedMain] c.v.f.s.s.VaadinAppShellInitializer      : Using it.unicam.pros.purple.gui.ui.view.AppShell class for configuring `index.html` response
2021-05-03 00:25:36.627  WARN 30016 --- [restartedMain] c.v.f.s.DeploymentConfigurationFactory   : Found 'webpack.config.js' in the project/working directory. Will use it for webpack dev server.
2021-05-03 00:25:43.504  INFO 30016 --- [restartedMain] c.v.f.s.VaadinServletContextInitializer  : Search for subclasses and classes with annotations took 6877 ms
2021-05-03 00:25:43.508  INFO 30016 --- [restartedMain] c.v.f.server.startup.DevModeInitializer  : Starting dev-mode updaters in C:\Users\maico\Desktop\Tesi\proslabteam-purple folder.
2021-05-03 00:25:43.549  INFO 30016 --- [restartedMain] c.v.f.s.f.s.FullDependenciesScanner      : Visited 117 classes. Took 23 ms.
2021-05-03 00:25:43.568  INFO 30016 --- [ForkJoinPool.commonPool-worker-3] c.v.f.s.f.TaskGeneratePackageJson        : writing file C:\Users\maico\Desktop\Tesi\proslabteam-purple\target\flow-frontend\package.json.
2021-05-03 00:25:43.572  INFO 30016 --- [ForkJoinPool.commonPool-worker-3] c.v.f.s.frontend.TaskGenerateIndexHtml   : writing file 'C:\Users\maico\Desktop\Tesi\proslabteam-purple\target\index.html'
2021-05-03 00:25:43.574  INFO 30016 --- [ForkJoinPool.commonPool-worker-3] c.v.f.s.frontend.TaskGenerateIndexTs     : writing file 'C:\Users\maico\Desktop\Tesi\proslabteam-purple\target\index.ts'
2021-05-03 00:25:43.589  INFO 30016 --- [ForkJoinPool.commonPool-worker-3] c.v.f.s.c.g.OpenApiSpecGenerator         : Parsing java files from [C:\Users\maico\Desktop\Tesi\proslabteam-purple\src\main\java]
2021-05-03 00:25:43.761  INFO 30016 --- [restartedMain] o.s.s.concurrent.ThreadPoolTaskExecutor  : Initializing ExecutorService 'applicationTaskExecutor'
2021-05-03 00:25:43.893  WARN 30016 --- [restartedMain] o.s.b.a.m.MustacheAutoConfiguration      : Cannot find template location: classpath:/templates/ (please add some templates, check your Mustache configuration, or set spring.mustache.check-template-location=false)
2021-05-03 00:25:43.919  WARN 30016 --- [restartedMain] c.v.f.s.DeploymentConfigurationFactory   : Found 'webpack.config.js' in the project/working directory. Will use it for webpack dev server.
2021-05-03 00:25:44.094  INFO 30016 --- [restartedMain] o.s.b.d.a.OptionalLiveReloadServer       : LiveReload server is running on port 35729
2021-05-03 00:25:44.264  INFO 30016 --- [restartedMain] o.s.b.w.embedded.tomcat.TomcatWebServer  : Tomcat started on port(s): 4300 (http) with context path ''
2021-05-03 00:25:44.269  INFO 30016 --- [restartedMain] it.unicam.pros.purple.gui.Application    : Started Application in 10.796 seconds (JVM running for 11.761)
2021-05-03 00:25:45.047  INFO 30016 --- [ForkJoinPool.commonPool-worker-3] c.v.f.s.c.g.OpenApiSpecGenerator         : There are no connect endpoints to genertate.
2021-05-03 00:25:45.073  INFO 30016 --- [ForkJoinPool.commonPool-worker-3] c.v.f.s.frontend.TaskUpdatePackages      : Skipping `pnpm install`.
2021-05-03 00:25:45.073  INFO 30016 --- [ForkJoinPool.commonPool-worker-3] c.v.f.s.frontend.TaskCopyFrontendFiles   : Copying frontend resources from jar files ...
2021-05-03 00:25:45.225  INFO 30016 --- [ForkJoinPool.commonPool-worker-3] c.v.f.s.frontend.TaskCopyFrontendFiles   : Visited 15 resources. Took 152 ms.
2021-05-03 00:25:45.361  INFO 30016 --- [ForkJoinPool.commonPool-worker-3] c.v.f.server.frontend.TaskUpdateImports  : Updated C:\Users\maico\Desktop\Tesi\proslabteam-purple\target\frontend\generated-flow-imports.js
2021-05-03 00:25:45.362  INFO 30016 --- [ForkJoinPool.commonPool-worker-3] c.v.f.server.frontend.TaskUpdateImports  : No js modules to update 'C:\Users\maico\Desktop\Tesi\proslabteam-purple\target\frontend\generated-flow-imports.d.ts' file
2021-05-03 00:25:45.364  INFO 30016 --- [ForkJoinPool.commonPool-worker-3] com.vaadin.flow.server.DevModeHandler    : Starting webpack-dev-server
2021-05-03 00:26:11.343  INFO 30016 --- [ForkJoinPool.commonPool-worker-3] com.vaadin.flow.server.DevModeHandler    : Running webpack to compile frontend resources. This may take a moment, please stand by...
2021-05-03 00:26:14.058  INFO 30016 --- [http-nio-4300-exec-1] o.a.c.c.C.[Tomcat].[localhost].[/]       : Initializing Spring DispatcherServlet 'dispatcherServlet'
2021-05-03 00:26:14.058  INFO 30016 --- [http-nio-4300-exec-1] o.s.web.servlet.DispatcherServlet        : Initializing Servlet 'dispatcherServlet'
2021-05-03 00:26:14.065  INFO 30016 --- [http-nio-4300-exec-1] o.s.web.servlet.DispatcherServlet        : Completed initialization in 6 ms
2021-05-03 00:26:14.093  WARN 30016 --- [http-nio-4300-exec-2] c.v.f.s.DeploymentConfigurationFactory   : Found 'webpack.config.js' in the project/working directory. Will use it for webpack dev server.
2021-05-03 00:26:14.098  INFO 30016 --- [http-nio-4300-exec-2] c.v.f.s.DefaultDeploymentConfiguration   : 
=================== Vaadin DeploymentConfiguration ====================

 Vaadin is running in DEBUG MODE.
 When deploying application for production, remember to disable debug features. See more from https://vaadin.com/docs/

 Using Vaadin 15+ bootstrap mode.
  'index.html' is not found from '.\frontend\index.html'.
 Generating a default one in 'target/index.html'.  Move it to the '.\frontend' folder if you want to customize it.
  'index.ts' is not found from '.\frontend\index.ts'.
 Generating a default one in 'target/index.ts'.  Move it to the '.\frontend' folder if you want to customize it.

=======================================================================
2021-05-03 00:26:15.337  INFO 30016 --- [http-nio-4300-exec-2] c.vaadin.flow.spring.SpringInstantiator  : The number of beans implementing 'I18NProvider' is 0. Cannot use Spring beans for I18N, falling back to the default behavior
2021-05-03 00:26:26.304  INFO 30016 --- [ForkJoinPool.commonPool-worker-3] com.vaadin.flow.server.DevModeHandler    : Started webpack-dev-server. Time: 40939ms
2021-05-03 00:32:00.967  INFO 30016 --- [Thread-5] o.s.s.concurrent.ThreadPoolTaskExecutor  : Shutting down ExecutorService 'applicationTaskExecutor'
2021-05-03 00:32:01.148  INFO 30016 --- [restartedMain] it.unicam.pros.purple.gui.Application    : Starting Application on DESKTOP-UPEP2H0 with PID 30016 (C:\Users\maico\Desktop\Tesi\proslabteam-purple\target\classes started by maico in C:\Users\maico\Desktop\Tesi\proslabteam-purple)
2021-05-03 00:32:01.148  INFO 30016 --- [restartedMain] it.unicam.pros.purple.gui.Application    : No active profile set, falling back to default profiles: default
2021-05-03 00:32:01.564  WARN 30016 --- [restartedMain] org.apache.tomcat.util.modeler.Registry  : The MBean registry cannot be disabled because it has already been initialised
2021-05-03 00:32:01.587  INFO 30016 --- [restartedMain] o.s.b.w.embedded.tomcat.TomcatWebServer  : Tomcat initialized with port(s): 4300 (http)
2021-05-03 00:32:01.589  INFO 30016 --- [restartedMain] o.apache.catalina.core.StandardService   : Starting service [Tomcat]
2021-05-03 00:32:01.589  INFO 30016 --- [restartedMain] org.apache.catalina.core.StandardEngine  : Starting Servlet engine: [Apache Tomcat/9.0.27]
2021-05-03 00:32:15.201  INFO 6628 --- [restartedMain] it.unicam.pros.purple.gui.Application    : Starting Application on DESKTOP-UPEP2H0 with PID 6628 (C:\Users\maico\Desktop\Tesi\proslabteam-purple\target\classes started by maico in C:\Users\maico\Desktop\Tesi\proslabteam-purple)
2021-05-03 00:32:15.204  INFO 6628 --- [restartedMain] it.unicam.pros.purple.gui.Application    : No active profile set, falling back to default profiles: default
2021-05-03 00:32:15.280  INFO 6628 --- [restartedMain] o.s.b.devtools.restart.ChangeableUrls    : The Class-Path manifest attribute in C:\Users\maico\.m2\repository\com\vaadin\vaadin-sass-compiler\0.9.13\vaadin-sass-compiler-0.9.13.jar referenced one or more files that do not exist: file:/C:/Users/maico/.m2/repository/com/vaadin/vaadin-sass-compiler/0.9.13/sac-1.3.jar,file:/C:/Users/maico/.m2/repository/com/vaadin/vaadin-sass-compiler/0.9.13/flute-1.3.0.gg2.jar,file:/C:/Users/maico/.m2/repository/com/vaadin/vaadin-sass-compiler/0.9.13/yuicompressor-2.4.8.jar,file:/C:/Users/maico/.m2/repository/com/vaadin/vaadin-sass-compiler/0.9.13/js-1.7R2.jar
2021-05-03 00:32:15.281  INFO 6628 --- [restartedMain] .e.DevToolsPropertyDefaultsPostProcessor : Devtools property defaults active! Set 'spring.devtools.add-properties' to 'false' to disable
2021-05-03 00:32:15.281  INFO 6628 --- [restartedMain] .e.DevToolsPropertyDefaultsPostProcessor : For additional web related logging consider setting the 'logging.level.web' property to 'DEBUG'
2021-05-03 00:32:16.731  INFO 6628 --- [restartedMain] o.s.b.w.embedded.tomcat.TomcatWebServer  : Tomcat initialized with port(s): 4300 (http)
2021-05-03 00:32:16.745  INFO 6628 --- [restartedMain] o.apache.catalina.core.StandardService   : Starting service [Tomcat]
2021-05-03 00:32:16.745  INFO 6628 --- [restartedMain] org.apache.catalina.core.StandardEngine  : Starting Servlet engine: [Apache Tomcat/9.0.27]
2021-05-03 00:32:16.931  INFO 6628 --- [restartedMain] o.a.c.c.C.[Tomcat].[localhost].[/]       : Initializing Spring embedded WebApplicationContext
2021-05-03 00:32:16.931  INFO 6628 --- [restartedMain] o.s.web.context.ContextLoader            : Root WebApplicationContext: initialization completed in 1650 ms
2021-05-03 00:32:17.033  WARN 6628 --- [restartedMain] c.v.f.s.DeploymentConfigurationFactory   : Found 'webpack.config.js' in the project/working directory. Will use it for webpack dev server.
2021-05-03 00:32:17.172  INFO 6628 --- [restartedMain] c.v.f.s.VaadinServletContextInitializer  : Search for VaadinAppShell took 153 ms
2021-05-03 00:32:17.177  INFO 6628 --- [restartedMain] c.v.f.s.s.VaadinAppShellInitializer      : Using it.unicam.pros.purple.gui.ui.view.AppShell class for configuring `index.html` response
2021-05-03 00:32:17.381  WARN 6628 --- [restartedMain] c.v.f.s.DeploymentConfigurationFactory   : Found 'webpack.config.js' in the project/working directory. Will use it for webpack dev server.
2021-05-03 00:32:24.061  INFO 6628 --- [restartedMain] c.v.f.s.VaadinServletContextInitializer  : Search for subclasses and classes with annotations took 6680 ms
2021-05-03 00:32:24.064  INFO 6628 --- [restartedMain] c.v.f.server.startup.DevModeInitializer  : Starting dev-mode updaters in C:\Users\maico\Desktop\Tesi\proslabteam-purple folder.
2021-05-03 00:32:24.104  INFO 6628 --- [restartedMain] c.v.f.s.f.s.FullDependenciesScanner      : Visited 117 classes. Took 23 ms.
2021-05-03 00:32:24.122  INFO 6628 --- [ForkJoinPool.commonPool-worker-3] c.v.f.s.f.TaskGeneratePackageJson        : writing file C:\Users\maico\Desktop\Tesi\proslabteam-purple\target\flow-frontend\package.json.
2021-05-03 00:32:24.128  INFO 6628 --- [ForkJoinPool.commonPool-worker-3] c.v.f.s.frontend.TaskGenerateIndexHtml   : writing file 'C:\Users\maico\Desktop\Tesi\proslabteam-purple\target\index.html'
2021-05-03 00:32:24.129  INFO 6628 --- [ForkJoinPool.commonPool-worker-3] c.v.f.s.frontend.TaskGenerateIndexTs     : writing file 'C:\Users\maico\Desktop\Tesi\proslabteam-purple\target\index.ts'
2021-05-03 00:32:24.145  INFO 6628 --- [ForkJoinPool.commonPool-worker-3] c.v.f.s.c.g.OpenApiSpecGenerator         : Parsing java files from [C:\Users\maico\Desktop\Tesi\proslabteam-purple\src\main\java]
2021-05-03 00:32:24.290  WARN 6628 --- [restartedMain] o.a.c.c.C.[Tomcat].[localhost].[/]       : Cannot deserialize session attribute [com.vaadin.flow.server.VaadinSession.springServlet] for session [135FA8D88FF04C098D6907DDDBC241F5]
2021-05-03 00:32:24.452  INFO 6628 --- [restartedMain] o.s.s.concurrent.ThreadPoolTaskExecutor  : Initializing ExecutorService 'applicationTaskExecutor'
2021-05-03 00:32:24.580  WARN 6628 --- [restartedMain] o.s.b.a.m.MustacheAutoConfiguration      : Cannot find template location: classpath:/templates/ (please add some templates, check your Mustache configuration, or set spring.mustache.check-template-location=false)
2021-05-03 00:32:24.614  WARN 6628 --- [restartedMain] c.v.f.s.DeploymentConfigurationFactory   : Found 'webpack.config.js' in the project/working directory. Will use it for webpack dev server.
2021-05-03 00:32:24.774  INFO 6628 --- [restartedMain] o.s.b.d.a.OptionalLiveReloadServer       : LiveReload server is running on port 35729
2021-05-03 00:32:24.982  INFO 6628 --- [restartedMain] o.s.b.w.embedded.tomcat.TomcatWebServer  : Tomcat started on port(s): 4300 (http) with context path ''
2021-05-03 00:32:24.986  INFO 6628 --- [restartedMain] it.unicam.pros.purple.gui.Application    : Started Application in 10.439 seconds (JVM running for 11.374)
2021-05-03 00:32:25.540  INFO 6628 --- [ForkJoinPool.commonPool-worker-3] c.v.f.s.c.g.OpenApiSpecGenerator         : There are no connect endpoints to genertate.
2021-05-03 00:32:25.562  INFO 6628 --- [ForkJoinPool.commonPool-worker-3] c.v.f.s.frontend.TaskUpdatePackages      : Skipping `pnpm install`.
2021-05-03 00:32:25.562  INFO 6628 --- [ForkJoinPool.commonPool-worker-3] c.v.f.s.frontend.TaskCopyFrontendFiles   : Copying frontend resources from jar files ...
2021-05-03 00:32:25.681  INFO 6628 --- [ForkJoinPool.commonPool-worker-3] c.v.f.s.frontend.TaskCopyFrontendFiles   : Visited 15 resources. Took 118 ms.
2021-05-03 00:32:25.769  INFO 6628 --- [ForkJoinPool.commonPool-worker-3] c.v.f.server.frontend.TaskUpdateImports  : Updated C:\Users\maico\Desktop\Tesi\proslabteam-purple\target\frontend\generated-flow-imports.js
2021-05-03 00:32:25.770  INFO 6628 --- [ForkJoinPool.commonPool-worker-3] c.v.f.server.frontend.TaskUpdateImports  : No js modules to update 'C:\Users\maico\Desktop\Tesi\proslabteam-purple\target\frontend\generated-flow-imports.d.ts' file
2021-05-03 00:32:25.772  INFO 6628 --- [ForkJoinPool.commonPool-worker-3] com.vaadin.flow.server.DevModeHandler    : Starting webpack-dev-server
2021-05-03 00:32:28.017  INFO 6628 --- [ForkJoinPool.commonPool-worker-3] com.vaadin.flow.server.DevModeHandler    : Running webpack to compile frontend resources. This may take a moment, please stand by...
2021-05-03 00:32:28.173  WARN 6628 --- [http-nio-4300-exec-1] c.v.f.s.DeploymentConfigurationFactory   : Found 'webpack.config.js' in the project/working directory. Will use it for webpack dev server.
2021-05-03 00:32:28.177  INFO 6628 --- [http-nio-4300-exec-1] c.v.f.s.DefaultDeploymentConfiguration   : 
=================== Vaadin DeploymentConfiguration ====================

 Vaadin is running in DEBUG MODE.
 When deploying application for production, remember to disable debug features. See more from https://vaadin.com/docs/

 Using Vaadin 15+ bootstrap mode.
  'index.html' is not found from '.\frontend\index.html'.
 Generating a default one in 'target/index.html'.  Move it to the '.\frontend' folder if you want to customize it.
  'index.ts' is not found from '.\frontend\index.ts'.
 Generating a default one in 'target/index.ts'.  Move it to the '.\frontend' folder if you want to customize it.

=======================================================================
2021-05-03 00:32:29.149  INFO 6628 --- [http-nio-4300-exec-5] o.a.c.c.C.[Tomcat].[localhost].[/]       : Initializing Spring DispatcherServlet 'dispatcherServlet'
2021-05-03 00:32:29.149  INFO 6628 --- [http-nio-4300-exec-5] o.s.web.servlet.DispatcherServlet        : Initializing Servlet 'dispatcherServlet'
2021-05-03 00:32:29.157  INFO 6628 --- [http-nio-4300-exec-5] o.s.web.servlet.DispatcherServlet        : Completed initialization in 8 ms
2021-05-03 00:32:29.175  INFO 6628 --- [http-nio-4300-exec-6] c.vaadin.flow.spring.SpringInstantiator  : The number of beans implementing 'I18NProvider' is 0. Cannot use Spring beans for I18N, falling back to the default behavior
2021-05-03 00:32:40.860  INFO 6628 --- [ForkJoinPool.commonPool-worker-3] com.vaadin.flow.server.DevModeHandler    : Started webpack-dev-server. Time: 15087ms
2021-05-03 00:56:25.400  WARN 6628 --- [Catalina-utility-1] com.vaadin.flow.server.VaadinSession     : A VaadinSession instance not associated to any service is getting unbound. Session destroy events will not be fired and UIs in the session will not get detached. This might happen if a session is deserialized but never used before it expires.
